The system is: Darwin - 12.2.1 - i386
Compiling the C compiler identification source file "CMakeCCompilerId.c" succeeded.
Compiler: /usr/bin/cc 
Build flags: 
Id flags: 

The output was:
0


Compilation of the C compiler identification source "CMakeCCompilerId.c" produced "a.out"

The C compiler identification is Clang, found in "/Users/zhangweiye/Documents/data/code/gaccob/gbase/build/CMakeFiles/2.8.11.2/CompilerIdC/a.out"

Compiling the CXX compiler identification source file "CMakeCXXCompilerId.cpp" succeeded.
Compiler: /usr/bin/c++ 
Build flags: 
Id flags: 

The output was:
0


Compilation of the CXX compiler identification source "CMakeCXXCompilerId.cpp" produced "a.out"

The CXX compiler identification is Clang, found in "/Users/zhangweiye/Documents/data/code/gaccob/gbase/build/CMakeFiles/2.8.11.2/CompilerIdCXX/a.out"

Determining if the C compiler works passed with the following output:
Change Dir: /Users/zhangweiye/Documents/data/code/gaccob/gbase/build/CMakeFiles/CMakeTmp

Run Build Command:/usr/bin/make "cmTryCompileExec269700745/fast"
/usr/bin/make -f CMakeFiles/cmTryCompileExec269700745.dir/build.make CMakeFiles/cmTryCompileExec269700745.dir/build
/Users/zhangweiye/Documents/software/cmake-2.8.11.2-Darwin64-universal/cmake.2.8.11.app/Contents/bin/cmake -E cmake_progress_report /Users/zhangweiye/Documents/data/code/gaccob/gbase/build/CMakeFiles/CMakeTmp/CMakeFiles 1
Building C object CMakeFiles/cmTryCompileExec269700745.dir/testCCompiler.c.o
/usr/bin/cc    -o CMakeFiles/cmTryCompileExec269700745.dir/testCCompiler.c.o   -c /Users/zhangweiye/Documents/data/code/gaccob/gbase/build/CMakeFiles/CMakeTmp/testCCompiler.c
Linking C executable cmTryCompileExec269700745
/Users/zhangweiye/Documents/software/cmake-2.8.11.2-Darwin64-universal/cmake.2.8.11.app/Contents/bin/cmake -E cmake_link_script CMakeFiles/cmTryCompileExec269700745.dir/link.txt --verbose=1
/usr/bin/cc      -Wl,-search_paths_first -Wl,-headerpad_max_install_names   CMakeFiles/cmTryCompileExec269700745.dir/testCCompiler.c.o  -o cmTryCompileExec269700745  


Detecting C compiler ABI info compiled with the following output:
Change Dir: /Users/zhangweiye/Documents/data/code/gaccob/gbase/build/CMakeFiles/CMakeTmp

Run Build Command:/usr/bin/make "cmTryCompileExec2610822628/fast"
/usr/bin/make -f CMakeFiles/cmTryCompileExec2610822628.dir/build.make CMakeFiles/cmTryCompileExec2610822628.dir/build
/Users/zhangweiye/Documents/software/cmake-2.8.11.2-Darwin64-universal/cmake.2.8.11.app/Contents/bin/cmake -E cmake_progress_report /Users/zhangweiye/Documents/data/code/gaccob/gbase/build/CMakeFiles/CMakeTmp/CMakeFiles 1
Building C object CMakeFiles/cmTryCompileExec2610822628.dir/CMakeCCompilerABI.c.o
/usr/bin/cc    -o CMakeFiles/cmTryCompileExec2610822628.dir/CMakeCCompilerABI.c.o   -c /Users/zhangweiye/Documents/software/cmake-2.8.11.2-Darwin64-universal/cmake.2.8.11.app/Contents/share/cmake-2.8/Modules/CMakeCCompilerABI.c
Linking C executable cmTryCompileExec2610822628
/Users/zhangweiye/Documents/software/cmake-2.8.11.2-Darwin64-universal/cmake.2.8.11.app/Contents/bin/cmake -E cmake_link_script CMakeFiles/cmTryCompileExec2610822628.dir/link.txt --verbose=1
/usr/bin/cc      -Wl,-search_paths_first -Wl,-headerpad_max_install_names -v -Wl,-v CMakeFiles/cmTryCompileExec2610822628.dir/CMakeCCompilerABI.c.o  -o cmTryCompileExec2610822628   
Apple LLVM version 4.2 (clang-425.0.28) (based on LLVM 3.2svn)
Target: x86_64-apple-darwin12.2.1
Thread model: posix
 "/usr/bin/ld" -demangle -dynamic -arch x86_64 -macosx_version_min 10.8.0 -o cmTryCompileExec2610822628 -search_paths_first -headerpad_max_install_names -v CMakeFiles/cmTryCompileExec2610822628.dir/CMakeCCompilerABI.c.o -lSystem /usr/bin/../lib/clang/4.2/lib/darwin/libclang_rt.osx.a
@(#)PROGRAM:ld  PROJECT:ld64-136
configured to support archs: armv6 armv7 armv7s i386 x86_64
Library search paths:
	/usr/lib
	/usr/local/lib
Framework search paths:
	/Library/Frameworks/
	/System/Library/Frameworks/


Parsed C implicit link information from above output:
  link line regex: [^( *|.*[/\])(ld|ld|collect2)[^/\]*( |$)]
  ignore line: [Change Dir: /Users/zhangweiye/Documents/data/code/gaccob/gbase/build/CMakeFiles/CMakeTmp]
  ignore line: []
  ignore line: [Run Build Command:/usr/bin/make "cmTryCompileExec2610822628/fast"]
  ignore line: [/usr/bin/make -f CMakeFiles/cmTryCompileExec2610822628.dir/build.make CMakeFiles/cmTryCompileExec2610822628.dir/build]
  ignore line: [/Users/zhangweiye/Documents/software/cmake-2.8.11.2-Darwin64-universal/cmake.2.8.11.app/Contents/bin/cmake -E cmake_progress_report /Users/zhangweiye/Documents/data/code/gaccob/gbase/build/CMakeFiles/CMakeTmp/CMakeFiles 1]
  ignore line: [Building C object CMakeFiles/cmTryCompileExec2610822628.dir/CMakeCCompilerABI.c.o]
  ignore line: [/usr/bin/cc    -o CMakeFiles/cmTryCompileExec2610822628.dir/CMakeCCompilerABI.c.o   -c /Users/zhangweiye/Documents/software/cmake-2.8.11.2-Darwin64-universal/cmake.2.8.11.app/Contents/share/cmake-2.8/Modules/CMakeCCompilerABI.c]
  ignore line: [Linking C executable cmTryCompileExec2610822628]
  ignore line: [/Users/zhangweiye/Documents/software/cmake-2.8.11.2-Darwin64-universal/cmake.2.8.11.app/Contents/bin/cmake -E cmake_link_script CMakeFiles/cmTryCompileExec2610822628.dir/link.txt --verbose=1]
  ignore line: [/usr/bin/cc      -Wl,-search_paths_first -Wl,-headerpad_max_install_names -v -Wl,-v CMakeFiles/cmTryCompileExec2610822628.dir/CMakeCCompilerABI.c.o  -o cmTryCompileExec2610822628   ]
  ignore line: [Apple LLVM version 4.2 (clang-425.0.28) (based on LLVM 3.2svn)]
  ignore line: [Target: x86_64-apple-darwin12.2.1]
  ignore line: [Thread model: posix]
  link line: [ "/usr/bin/ld" -demangle -dynamic -arch x86_64 -macosx_version_min 10.8.0 -o cmTryCompileExec2610822628 -search_paths_first -headerpad_max_install_names -v CMakeFiles/cmTryCompileExec2610822628.dir/CMakeCCompilerABI.c.o -lSystem /usr/bin/../lib/clang/4.2/lib/darwin/libclang_rt.osx.a]
    arg [/usr/bin/ld] ==> ignore
    arg [-demangle] ==> ignore
    arg [-dynamic] ==> ignore
    arg [-arch] ==> ignore
    arg [x86_64] ==> ignore
    arg [-macosx_version_min] ==> ignore
    arg [10.8.0] ==> ignore
    arg [-o] ==> ignore
    arg [cmTryCompileExec2610822628] ==> ignore
    arg [-search_paths_first] ==> ignore
    arg [-headerpad_max_install_names] ==> ignore
    arg [-v] ==> ignore
    arg [CMakeFiles/cmTryCompileExec2610822628.dir/CMakeCCompilerABI.c.o] ==> ignore
    arg [-lSystem] ==> lib [System]
    arg [/usr/bin/../lib/clang/4.2/lib/darwin/libclang_rt.osx.a] ==> lib [/usr/bin/../lib/clang/4.2/lib/darwin/libclang_rt.osx.a]
  Library search paths: [;/usr/lib;/usr/local/lib]
  Framework search paths: [;/Library/Frameworks/;/System/Library/Frameworks/]
  remove lib [System]
  collapse lib [/usr/bin/../lib/clang/4.2/lib/darwin/libclang_rt.osx.a] ==> [/usr/lib/clang/4.2/lib/darwin/libclang_rt.osx.a]
  collapse library dir [/usr/lib] ==> [/usr/lib]
  collapse library dir [/usr/local/lib] ==> [/usr/local/lib]
  collapse framework dir [/Library/Frameworks/] ==> [/Library/Frameworks]
  collapse framework dir [/System/Library/Frameworks/] ==> [/System/Library/Frameworks]
  implicit libs: [/usr/lib/clang/4.2/lib/darwin/libclang_rt.osx.a]
  implicit dirs: [/usr/lib;/usr/local/lib]
  implicit fwks: [/Library/Frameworks;/System/Library/Frameworks]


Determining if the CXX compiler works passed with the following output:
Change Dir: /Users/zhangweiye/Documents/data/code/gaccob/gbase/build/CMakeFiles/CMakeTmp

Run Build Command:/usr/bin/make "cmTryCompileExec862455759/fast"
/usr/bin/make -f CMakeFiles/cmTryCompileExec862455759.dir/build.make CMakeFiles/cmTryCompileExec862455759.dir/build
/Users/zhangweiye/Documents/software/cmake-2.8.11.2-Darwin64-universal/cmake.2.8.11.app/Contents/bin/cmake -E cmake_progress_report /Users/zhangweiye/Documents/data/code/gaccob/gbase/build/CMakeFiles/CMakeTmp/CMakeFiles 1
Building CXX object CMakeFiles/cmTryCompileExec862455759.dir/testCXXCompiler.cxx.o
/usr/bin/c++     -o CMakeFiles/cmTryCompileExec862455759.dir/testCXXCompiler.cxx.o -c /Users/zhangweiye/Documents/data/code/gaccob/gbase/build/CMakeFiles/CMakeTmp/testCXXCompiler.cxx
Linking CXX executable cmTryCompileExec862455759
/Users/zhangweiye/Documents/software/cmake-2.8.11.2-Darwin64-universal/cmake.2.8.11.app/Contents/bin/cmake -E cmake_link_script CMakeFiles/cmTryCompileExec862455759.dir/link.txt --verbose=1
/usr/bin/c++       -Wl,-search_paths_first -Wl,-headerpad_max_install_names   CMakeFiles/cmTryCompileExec862455759.dir/testCXXCompiler.cxx.o  -o cmTryCompileExec862455759  


Detecting CXX compiler ABI info compiled with the following output:
Change Dir: /Users/zhangweiye/Documents/data/code/gaccob/gbase/build/CMakeFiles/CMakeTmp

Run Build Command:/usr/bin/make "cmTryCompileExec2511727580/fast"
/usr/bin/make -f CMakeFiles/cmTryCompileExec2511727580.dir/build.make CMakeFiles/cmTryCompileExec2511727580.dir/build
/Users/zhangweiye/Documents/software/cmake-2.8.11.2-Darwin64-universal/cmake.2.8.11.app/Contents/bin/cmake -E cmake_progress_report /Users/zhangweiye/Documents/data/code/gaccob/gbase/build/CMakeFiles/CMakeTmp/CMakeFiles 1
Building CXX object CMakeFiles/cmTryCompileExec2511727580.dir/CMakeCXXCompilerABI.cpp.o
/usr/bin/c++     -o CMakeFiles/cmTryCompileExec2511727580.dir/CMakeCXXCompilerABI.cpp.o -c /Users/zhangweiye/Documents/software/cmake-2.8.11.2-Darwin64-universal/cmake.2.8.11.app/Contents/share/cmake-2.8/Modules/CMakeCXXCompilerABI.cpp
Linking CXX executable cmTryCompileExec2511727580
/Users/zhangweiye/Documents/software/cmake-2.8.11.2-Darwin64-universal/cmake.2.8.11.app/Contents/bin/cmake -E cmake_link_script CMakeFiles/cmTryCompileExec2511727580.dir/link.txt --verbose=1
/usr/bin/c++       -Wl,-search_paths_first -Wl,-headerpad_max_install_names -v -Wl,-v CMakeFiles/cmTryCompileExec2511727580.dir/CMakeCXXCompilerABI.cpp.o  -o cmTryCompileExec2511727580   
Apple LLVM version 4.2 (clang-425.0.28) (based on LLVM 3.2svn)
Target: x86_64-apple-darwin12.2.1
Thread model: posix
 "/usr/bin/ld" -demangle -dynamic -arch x86_64 -macosx_version_min 10.8.0 -o cmTryCompileExec2511727580 -search_paths_first -headerpad_max_install_names -v CMakeFiles/cmTryCompileExec2511727580.dir/CMakeCXXCompilerABI.cpp.o -lstdc++ -lSystem /usr/bin/../lib/clang/4.2/lib/darwin/libclang_rt.osx.a
@(#)PROGRAM:ld  PROJECT:ld64-136
configured to support archs: armv6 armv7 armv7s i386 x86_64
Library search paths:
	/usr/lib
	/usr/local/lib
Framework search paths:
	/Library/Frameworks/
	/System/Library/Frameworks/


Parsed CXX implicit link information from above output:
  link line regex: [^( *|.*[/\])(ld|ld|collect2)[^/\]*( |$)]
  ignore line: [Change Dir: /Users/zhangweiye/Documents/data/code/gaccob/gbase/build/CMakeFiles/CMakeTmp]
  ignore line: []
  ignore line: [Run Build Command:/usr/bin/make "cmTryCompileExec2511727580/fast"]
  ignore line: [/usr/bin/make -f CMakeFiles/cmTryCompileExec2511727580.dir/build.make CMakeFiles/cmTryCompileExec2511727580.dir/build]
  ignore line: [/Users/zhangweiye/Documents/software/cmake-2.8.11.2-Darwin64-universal/cmake.2.8.11.app/Contents/bin/cmake -E cmake_progress_report /Users/zhangweiye/Documents/data/code/gaccob/gbase/build/CMakeFiles/CMakeTmp/CMakeFiles 1]
  ignore line: [Building CXX object CMakeFiles/cmTryCompileExec2511727580.dir/CMakeCXXCompilerABI.cpp.o]
  ignore line: [/usr/bin/c++     -o CMakeFiles/cmTryCompileExec2511727580.dir/CMakeCXXCompilerABI.cpp.o -c /Users/zhangweiye/Documents/software/cmake-2.8.11.2-Darwin64-universal/cmake.2.8.11.app/Contents/share/cmake-2.8/Modules/CMakeCXXCompilerABI.cpp]
  ignore line: [Linking CXX executable cmTryCompileExec2511727580]
  ignore line: [/Users/zhangweiye/Documents/software/cmake-2.8.11.2-Darwin64-universal/cmake.2.8.11.app/Contents/bin/cmake -E cmake_link_script CMakeFiles/cmTryCompileExec2511727580.dir/link.txt --verbose=1]
  ignore line: [/usr/bin/c++       -Wl,-search_paths_first -Wl,-headerpad_max_install_names -v -Wl,-v CMakeFiles/cmTryCompileExec2511727580.dir/CMakeCXXCompilerABI.cpp.o  -o cmTryCompileExec2511727580   ]
  ignore line: [Apple LLVM version 4.2 (clang-425.0.28) (based on LLVM 3.2svn)]
  ignore line: [Target: x86_64-apple-darwin12.2.1]
  ignore line: [Thread model: posix]
  link line: [ "/usr/bin/ld" -demangle -dynamic -arch x86_64 -macosx_version_min 10.8.0 -o cmTryCompileExec2511727580 -search_paths_first -headerpad_max_install_names -v CMakeFiles/cmTryCompileExec2511727580.dir/CMakeCXXCompilerABI.cpp.o -lstdc++ -lSystem /usr/bin/../lib/clang/4.2/lib/darwin/libclang_rt.osx.a]
    arg [/usr/bin/ld] ==> ignore
    arg [-demangle] ==> ignore
    arg [-dynamic] ==> ignore
    arg [-arch] ==> ignore
    arg [x86_64] ==> ignore
    arg [-macosx_version_min] ==> ignore
    arg [10.8.0] ==> ignore
    arg [-o] ==> ignore
    arg [cmTryCompileExec2511727580] ==> ignore
    arg [-search_paths_first] ==> ignore
    arg [-headerpad_max_install_names] ==> ignore
    arg [-v] ==> ignore
    arg [CMakeFiles/cmTryCompileExec2511727580.dir/CMakeCXXCompilerABI.cpp.o] ==> ignore
    arg [-lstdc++] ==> lib [stdc++]
    arg [-lSystem] ==> lib [System]
    arg [/usr/bin/../lib/clang/4.2/lib/darwin/libclang_rt.osx.a] ==> lib [/usr/bin/../lib/clang/4.2/lib/darwin/libclang_rt.osx.a]
  Library search paths: [;/usr/lib;/usr/local/lib]
  Framework search paths: [;/Library/Frameworks/;/System/Library/Frameworks/]
  remove lib [System]
  collapse lib [/usr/bin/../lib/clang/4.2/lib/darwin/libclang_rt.osx.a] ==> [/usr/lib/clang/4.2/lib/darwin/libclang_rt.osx.a]
  collapse library dir [/usr/lib] ==> [/usr/lib]
  collapse library dir [/usr/local/lib] ==> [/usr/local/lib]
  collapse framework dir [/Library/Frameworks/] ==> [/Library/Frameworks]
  collapse framework dir [/System/Library/Frameworks/] ==> [/System/Library/Frameworks]
  implicit libs: [stdc++;/usr/lib/clang/4.2/lib/darwin/libclang_rt.osx.a]
  implicit dirs: [/usr/lib;/usr/local/lib]
  implicit fwks: [/Library/Frameworks;/System/Library/Frameworks]


